2020-08-05 19:42:48,419 - Log4JLogChute initialized using file 'velocity.log'
2020-08-05 19:42:48,420 - Initializing Velocity, Calling init()...
2020-08-05 19:42:48,420 - Starting Apache Velocity v1.7 (compiled: 2010-11-19 12:14:37)
2020-08-05 19:42:48,420 - Default Properties File: org/apache/velocity/runtime/defaults/velocity.properties
2020-08-05 19:42:48,420 - Trying to use logger class org.apache.velocity.runtime.log.AvalonLogChute
2020-08-05 19:42:48,420 - Target log system for org.apache.velocity.runtime.log.AvalonLogChute is not available (java.lang.NoClassDefFoundError: org/apache/log/format/Formatter).  Falling back to next log system...
2020-08-05 19:42:48,420 - Trying to use logger class org.apache.velocity.runtime.log.Log4JLogChute
2020-08-05 19:42:48,420 - Using logger class org.apache.velocity.runtime.log.Log4JLogChute
2020-08-05 19:42:48,426 - ResourceLoader instantiated: org.apache.velocity.runtime.resource.loader.ClasspathResourceLoader
2020-08-05 19:42:48,441 - ResourceCache: initialized (class org.apache.velocity.runtime.resource.ResourceCacheImpl) with class java.util.Collections$SynchronizedMap cache map.
2020-08-05 19:42:48,442 - Loaded System Directive: org.apache.velocity.runtime.directive.Stop
2020-08-05 19:42:48,443 - Loaded System Directive: org.apache.velocity.runtime.directive.Define
2020-08-05 19:42:48,444 - Loaded System Directive: org.apache.velocity.runtime.directive.Break
2020-08-05 19:42:48,445 - Loaded System Directive: org.apache.velocity.runtime.directive.Evaluate
2020-08-05 19:42:48,445 - Loaded System Directive: org.apache.velocity.runtime.directive.Literal
2020-08-05 19:42:48,447 - Loaded System Directive: org.apache.velocity.runtime.directive.Macro
2020-08-05 19:42:48,448 - Loaded System Directive: org.apache.velocity.runtime.directive.Parse
2020-08-05 19:42:48,450 - Loaded System Directive: org.apache.velocity.runtime.directive.Include
2020-08-05 19:42:48,451 - Loaded System Directive: org.apache.velocity.runtime.directive.Foreach
2020-08-05 19:42:48,480 - Created '20' parsers.
2020-08-05 19:42:48,497 - Velocimacro : "velocimacro.library" is not set.  Trying default library: VM_global_library.vm
2020-08-05 19:42:48,498 - Could not load resource 'VM_global_library.vm' from ResourceLoader org.apache.velocity.runtime.resource.loader.ClasspathResourceLoader: ClasspathResourceLoader Error: cannot find resource VM_global_library.vm
2020-08-05 19:42:48,499 - Velocimacro : Default library not found.
2020-08-05 19:42:48,499 - Velocimacro : allowInline = true : VMs can be defined inline in templates
2020-08-05 19:42:48,499 - Velocimacro : allowInlineToOverride = false : VMs defined inline may NOT replace previous VM definitions
2020-08-05 19:42:48,499 - Velocimacro : allowInlineLocal = false : VMs defined inline will be global in scope if allowed.
2020-08-05 19:42:48,499 - Velocimacro : autoload off : VM system will not automatically reload global library macros
2020-08-05 19:42:48,533 - ResourceManager : found /templates/entity.java.vm with loader org.apache.velocity.runtime.resource.loader.ClasspathResourceLoader
2020-08-05 19:42:48,544 - Left side (${versionFieldName}) of '==' operation has null value. If it is a reference, it may not be in the context or its toString() returned null. /templates/entity.java.vm[line 76, column 26]
2020-08-05 19:42:48,544 - Left side (${logicDeleteFieldName}) of '==' operation has null value. If it is a reference, it may not be in the context or its toString() returned null. /templates/entity.java.vm[line 80, column 30]
2020-08-05 19:42:48,545 - Left side (${versionFieldName}) of '==' operation has null value. If it is a reference, it may not be in the context or its toString() returned null. /templates/entity.java.vm[line 76, column 26]
2020-08-05 19:42:48,545 - Left side (${logicDeleteFieldName}) of '==' operation has null value. If it is a reference, it may not be in the context or its toString() returned null. /templates/entity.java.vm[line 80, column 30]
2020-08-05 19:42:48,545 - Left side (${versionFieldName}) of '==' operation has null value. If it is a reference, it may not be in the context or its toString() returned null. /templates/entity.java.vm[line 76, column 26]
2020-08-05 19:42:48,545 - Left side (${logicDeleteFieldName}) of '==' operation has null value. If it is a reference, it may not be in the context or its toString() returned null. /templates/entity.java.vm[line 80, column 30]
2020-08-05 19:42:48,545 - Left side (${versionFieldName}) of '==' operation has null value. If it is a reference, it may not be in the context or its toString() returned null. /templates/entity.java.vm[line 76, column 26]
2020-08-05 19:42:48,545 - Left side (${logicDeleteFieldName}) of '==' operation has null value. If it is a reference, it may not be in the context or its toString() returned null. /templates/entity.java.vm[line 80, column 30]
2020-08-05 19:42:48,556 - ResourceManager : found /templates/mapper.java.vm with loader org.apache.velocity.runtime.resource.loader.ClasspathResourceLoader
2020-08-05 19:42:48,559 - ResourceManager : found /templates/mapper.xml.vm with loader org.apache.velocity.runtime.resource.loader.ClasspathResourceLoader
2020-08-05 19:42:48,563 - ResourceManager : found /templates/service.java.vm with loader org.apache.velocity.runtime.resource.loader.ClasspathResourceLoader
2020-08-05 19:42:48,566 - ResourceManager : found /templates/serviceImpl.java.vm with loader org.apache.velocity.runtime.resource.loader.ClasspathResourceLoader
2020-08-05 19:42:48,571 - ResourceManager : found /templates/controller.java.vm with loader org.apache.velocity.runtime.resource.loader.ClasspathResourceLoader
